[debug] [2023-02-18T10:06:30.670Z] ----------------------------------------------------------------------
[debug] [2023-02-18T10:06:30.673Z] Command:       /usr/bin/node /usr/bin/firebase init
[debug] [2023-02-18T10:06:30.673Z] CLI Version:   11.23.1
[debug] [2023-02-18T10:06:30.673Z] Platform:      linux
[debug] [2023-02-18T10:06:30.673Z] Node Version:  v16.19.0
[debug] [2023-02-18T10:06:30.674Z] Time:          Sat Feb 18 2023 12:06:30 GMT+0200 (Eastern European Standard Time)
[debug] [2023-02-18T10:06:30.674Z] ----------------------------------------------------------------------
[debug] 
[debug] [2023-02-18T10:06:30.681Z] > command requires scopes: ["email","openid","https://www.googleapis.com/auth/cloudplatformprojects.readonly","https://www.googleapis.com/auth/firebase","https://www.googleapis.com/auth/cloud-platform"]
[debug] [2023-02-18T10:06:30.682Z] > authorizing via signed-in user (sallamrady99@gmail.com)
[info] 
     ######## #### ########  ######## ########     ###     ######  ########
     ##        ##  ##     ## ##       ##     ##  ##   ##  ##       ##
     ######    ##  ########  ######   ########  #########  ######  ######
     ##        ##  ##    ##  ##       ##     ## ##     ##       ## ##
     ##       #### ##     ## ######## ########  ##     ##  ######  ########

You're about to initialize a Firebase project in this directory:

  /media/sallamrady/00d5e152-9684-47c5-83cf-cff9b931fa3b/sallam/Courses/Front-End/VueJS/Vue.js/18.deployment_optimizing

Before we get started, keep in mind:

  * You are currently outside your home directory

[info] 
=== Project Setup
[info] 
[info] First, let's associate this project directory with a Firebase project.
[info] You can create multiple project aliases by running firebase use --add, 
[info] but for now we'll just set up a default project.
[info] 
[debug] [2023-02-18T10:06:38.979Z] > refreshing access token with scopes: []
[debug] [2023-02-18T10:06:38.983Z] >>> [apiv2][query] POST https://www.googleapis.com/oauth2/v3/token [none]
[debug] [2023-02-18T10:06:38.983Z] >>> [apiv2][body] POST https://www.googleapis.com/oauth2/v3/token [omitted]
[debug] [2023-02-18T10:06:39.350Z] <<< [apiv2][status] POST https://www.googleapis.com/oauth2/v3/token 400
[debug] [2023-02-18T10:06:39.350Z] <<< [apiv2][body] POST https://www.googleapis.com/oauth2/v3/token [omitted]
[debug] [2023-02-18T10:06:39.352Z] >>> [apiv2][query] GET https://firebase.googleapis.com/v1beta1/projects pageSize=100
[debug] [2023-02-18T10:06:39.708Z] <<< [apiv2][status] GET https://firebase.googleapis.com/v1beta1/projects 401
[debug] [2023-02-18T10:06:39.708Z] <<< [apiv2][body] GET https://firebase.googleapis.com/v1beta1/projects [omitted]
[debug] [2023-02-18T10:06:39.710Z] HTTP Error: 401, Request had invalid authentication credentials. Expected OAuth 2 access token, login cookie or other valid authentication credential. See https://developers.google.com/identity/sign-in/web/devconsole-project.
[debug] [2023-02-18T10:06:40.009Z] FirebaseError: HTTP Error: 401, Request had invalid authentication credentials. Expected OAuth 2 access token, login cookie or other valid authentication credential. See https://developers.google.com/identity/sign-in/web/devconsole-project.
    at responseToError (/usr/lib/node_modules/firebase-tools/lib/responseToError.js:49:12)
    at RetryOperation._fn (/usr/lib/node_modules/firebase-tools/lib/apiv2.js:288:77)
    at processTicksAndRejections (node:internal/process/task_queues:96:5)
[error] 
[error] Error: Failed to list Firebase projects. See firebase-debug.log for more info.
